WARNING 2026/04/28 11:42:43 handler.go:646: [AI] 背压触发，跳过分析: GET statics.moonshot.cn/kimi-web-seo/assets/common-BlT34N2Q.js (pending goroutine 已满)
WARNING 2026/04/28 11:42:43 handler.go:646: [AI] 背压触发，跳过分析: GET www.googletagmanager.com/gtag/js (pending goroutine 已满)
WARNING 2026/04/28 11:42:43 handler.go:646: [AI] 背压触发，跳过分析: GET statics.moonshot.cn/kimi-web-seo/assets/KaTeX_Fraktur-Regular-Dxdc4cR9.woff (pending goroutine 已满)
WARNING 2026/04/28 11:42:43 handler.go:646: [AI] 背压触发，跳过分析: GET statics.moonshot.cn/kimi-web-seo/assets/KaTeX_Math-Italic-DA0__PXp.woff (pending goroutine 已满)
WARNING 2026/04/28 11:42:43 handler.go:646: [AI] 背压触发，跳过分析: GET statics.moonshot.cn/kimi-web-seo/assets/Index-BOm0MP8N.js (pending goroutine 已满)
WARNING 2026/04/28 11:42:43 handler.go:646: [AI] 背压触发，跳过分析: GET statics.moonshot.cn/kimi-web-seo/assets/KaTeX_Typewriter-Regular-C0xS9mPB.woff (pending goroutine 已满)
WARNING 2026/04/28 11:42:43 handler.go:646: [AI] 背压触发，跳过分析: GET statics.moonshot.cn/kimi-web-seo/assets/KaTeX_Script-Regular-D5yQViql.woff (pending goroutine 已满)
WARNING 2026/04/28 11:42:43 handler.go:646: [AI] 背压触发，跳过分析: GET hmcdn.baidu.com/static/tongji/plugins/UrlChangeTracker.js (pending goroutine 已满)
WARNING 2026/04/28 11:42:43 handler.go:646: [AI] 背压触发，跳过分析: GET statics.moonshot.cn/kimi-web-seo/assets/KaTeX_Size1-Regular-C195tn64.woff (pending goroutine 已满)
WARNING 2026/04/28 11:42:43 handler.go:646: [AI] 背压触发，跳过分析: GET www.googletagmanager.com/gtag/js (pending goroutine 已满)
WARNING 2026/04/28 11:42:43 handler.go:646: [AI] 背压触发，跳过分析: GET lf3-data.volccdn.com/obj/data-static/log-sdk/collect/5.0/collect-rangers-v5.1.12.js (pending goroutine 已满)
WARNING 2026/04/28 11:42:43 handler.go:646: [AI] 背压触发，跳过分析: GET statics.moonshot.cn/kimi-web-seo/assets/KaTeX_Size2-Regular-oD1tc_U0.woff (pending goroutine 已满)
WARNING 2026/04/28 11:42:44 handler.go:646: [AI] 背压触发，跳过分析: OPTIONS apmplus.volces.com/settings/get/webpro (pending goroutine 已满)
WARNING 2026/04/28 11:42:44 handler.go:646: [AI] 背压触发，跳过分析: GET statics.moonshot.cn/kimi-web-seo/assets/KaTeX_Size4-Regular-BF-4gkZK.woff (pending goroutine 已满)
WARNING 2026/04/28 11:42:44 handler.go:646: [AI] 背压触发，跳过分析: POST tab.volces.com/service/2/abtest_config/ (pending goroutine 已满)
WARNING 2026/04/28 11:42:44 handler.go:646: [AI] 背压触发，跳过分析: POST gator.volces.com/list (pending goroutine 已满)
WARNING 2026/04/28 11:42:44 handler.go:646: [AI] 背压触发，跳过分析: POST gator.volces.com/tobid (pending goroutine 已满)
WARNING 2026/04/28 11:42:44 handler.go:646: [AI] 背压触发，跳过分析: POST gator.volces.com/list (pending goroutine 已满)
WARNING 2026/04/28 11:42:44 handler.go:646: [AI] 背压触发，跳过分析: POST gator.volces.com/list (pending goroutine 已满)
WARNING 2026/04/28 11:42:44 handler.go:646: [AI] 背压触发，跳过分析: POST gator.volces.com/list (pending goroutine 已满)
WARNING 2026/04/28 11:42:44 handler.go:646: [AI] 背压触发，跳过分析: OPTIONS gator.volces.com/webid (pending goroutine 已满)
WARNING 2026/04/28 11:42:44 handler.go:646: [AI] 背压触发，跳过分析: POST www.kimi.com/api/config (pending goroutine 已满)
WARNING 2026/04/28 11:42:44 handler.go:646: [AI] 背压触发，跳过分析: POST gator.volces.com/list (pending goroutine 已满)
WARNING 2026/04/28 11:42:44 handler.go:646: [AI] 背压触发，跳过分析: POST gator.volces.com/list (pending goroutine 已满)
WARNING 2026/04/28 11:42:44 handler.go:646: [AI] 背压触发，跳过分析: GET googleads.g.doubleclick.net/pagead/viewthroughconversion/16537538002/ (pending goroutine 已满)
WARNING 2026/04/28 11:42:44 handler.go:646: [AI] 背压触发，跳过分析: GET hm.baidu.com/hm.js (pending goroutine 已满)
WARNING 2026/04/28 11:42:44 handler.go:646: [AI] 背压触发，跳过分析: GET apmplus.volces.com/settings/get/webpro (pending goroutine 已满)
WARNING 2026/04/28 11:42:44 handler.go:646: [AI] 背压触发，跳过分析: POST www.kimi.com/apiv2/kimi.gateway.config.v1.ConfigService/GetConfig (pending goroutine 已满)
WARNING 2026/04/28 11:42:44 handler.go:646: [AI] 背压触发，跳过分析: GET statics.moonshot.cn/kimi-web-seo/assets/KaTeX_Main-Regular-Dr94JaBh.woff (pending goroutine 已满)
WARNING 2026/04/28 11:42:44 handler.go:646: [AI] 背压触发，跳过分析: POST gator.volces.com/list (pending goroutine 已满)
WARNING 2026/04/28 11:42:44 handler.go:646: [AI] 背压触发，跳过分析: POST www.kimi.com/apiv2/kimi.gateway.suggest.v1.ShowcaseService/ListDefaultShowcases (pending goroutine 已满)
WARNING 2026/04/28 11:42:44 handler.go:646: [AI] 背压触发，跳过分析: POST gator.volces.com/webid (pending goroutine 已满)
WARNING 2026/04/28 11:42:44 handler.go:646: [AI] 背压触发，跳过分析: OPTIONS tab.volces.com/service/2/abtest_config/ (pending goroutine 已满)
WARNING 2026/04/28 11:42:44 handler.go:646: [AI] 背压触发，跳过分析: GET statics.moonshot.cn/kimi-web-seo/assets/KaTeX_Caligraphic-Regular-CTRA-rTL.woff (pending goroutine 已满)
WARNING 2026/04/28 11:42:44 handler.go:646: [AI] 背压触发，跳过分析: POST gator.volces.com/list (pending goroutine 已满)
WARNING 2026/04/28 11:42:44 handler.go:646: [AI] 背压触发，跳过分析: POST www.kimi.com/api/device/register (pending goroutine 已满)
WARNING 2026/04/28 11:42:44 handler.go:646: [AI] 背压触发，跳过分析: POST gator.volces.com/list (pending goroutine 已满)
WARNING 2026/04/28 11:42:44 handler.go:646: [AI] 背压触发，跳过分析: POST gator.volces.com/list (pending goroutine 已满)
WARNING 2026/04/28 11:42:44 handler.go:646: [AI] 背压触发，跳过分析: POST gator.volces.com/list (pending goroutine 已满)
WARNING 2026/04/28 11:42:44 handler.go:646: [AI] 背压触发，跳过分析: POST gator.volces.com/list (pending goroutine 已满)
WARNING 2026/04/28 11:42:44 handler.go:646: [AI] 背压触发，跳过分析: OPTIONS gator.volces.com/list (pending goroutine 已满)
WARNING 2026/04/28 11:42:44 handler.go:646: [AI] 背压触发，跳过分析: POST gator.volces.com/list (pending goroutine 已满)
WARNING 2026/04/28 11:42:44 handler.go:646: [AI] 背压触发，跳过分析: POST www.kimi.com/apiv2/kimi.gateway.config.v1.ConfigService/GetAvailableModels (pending goroutine 已满)
WARNING 2026/04/28 11:42:44 handler.go:646: [AI] 背压触发，跳过分析: POST gator.volces.com/list (pending goroutine 已满)
WARNING 2026/04/28 11:42:44 handler.go:646: [AI] 背压触发，跳过分析: GET www.kimi.com/api/user (pending goroutine 已满)
WARNING 2026/04/28 11:42:44 handler.go:646: [AI] 背压触发，跳过分析: POST gator.volces.com/list (pending goroutine 已满)
WARNING 2026/04/28 11:42:44 handler.go:646: [AI] 背压触发，跳过分析: POST www.kimi.com/apiv2/kimi.chat.v1.ChatService/ListChats (pending goroutine 已满)
WARNING 2026/04/28 11:42:44 handler.go:646: [AI] 背压触发，跳过分析: POST gator.volces.com/list (pending goroutine 已满)
WARNING 2026/04/28 11:42:44 handler.go:646: [AI] 背压触发，跳过分析: POST gator.volces.com/list (pending goroutine 已满)
WARNING 2026/04/28 11:42:44 handler.go:646: [AI] 背压触发，跳过分析: POST gator.volces.com/list (pending goroutine 已满)
WARNING 2026/04/28 11:42:44 handler.go:646: [AI] 背压触发，跳过分析: OPTIONS gator.volces.com/list (pending goroutine 已满)
WARNING 2026/04/28 11:42:44 handler.go:646: [AI] 背压触发，跳过分析: POST www.kimi.com/apiv2/kimi.gateway.promotionalasset.v1.PromotionalAssetService/ListPromotionalAssets (pending goroutine 已满)
WARNING 2026/04/28 11:42:45 handler.go:646: [AI] 背压触发，跳过分析: POST gator.volces.com/list (pending goroutine 已满)
WARNING 2026/04/28 11:42:45 handler.go:646: [AI] 背压触发，跳过分析: OPTIONS gator.volces.com/tobid (pending goroutine 已满)
WARNING 2026/04/28 11:42:45 handler.go:646: [AI] 背压触发，跳过分析: POST gator.volces.com/list (pending goroutine 已满)
WARNING 2026/04/28 11:42:45 handler.go:646: [AI] 背压触发，跳过分析: OPTIONS apmplus.volces.com/monitor_web/collect (pending goroutine 已满)
WARNING 2026/04/28 11:42:45 handler.go:646: [AI] 背压触发，跳过分析: POST gator.volces.com/list (pending goroutine 已满)
WARNING 2026/04/28 11:42:45 handler.go:646: [AI] 背压触发，跳过分析: POST gator.volces.com/list (pending goroutine 已满)
WARNING 2026/04/28 11:42:45 handler.go:646: [AI] 背压触发，跳过分析: POST www.kimi.com/apiv2/kimi.gateway.order.v1.GoodsService/ListGoods (pending goroutine 已满)
WARNING 2026/04/28 11:42:45 handler.go:646: [AI] 背压触发，跳过分析: POST apmplus.volces.com/monitor_web/collect (pending goroutine 已满)
WARNING 2026/04/28 11:42:45 handler.go:646: [AI] 背压触发，跳过分析: POST gator.volces.com/list (pending goroutine 已满)
WARNING 2026/04/28 11:42:45 handler.go:646: [AI] 背压触发，跳过分析: POST gator.volces.com/list (pending goroutine 已满)
WARNING 2026/04/28 11:42:45 handler.go:646: [AI] 背压触发，跳过分析: POST gator.volces.com/list (pending goroutine 已满)
WARNING 2026/04/28 14:19:26 handler.go:647: [AI] 背压触发，跳过分析: POST gator.volces.com/list (pending goroutine 已满)
WARNING 2026/04/28 14:19:26 handler.go:647: [AI] 背压触发，跳过分析: GET googleads.g.doubleclick.net/pagead/viewthroughconversion/16537538002/ (pending goroutine 已满)
WARNING 2026/04/28 14:19:26 handler.go:647: [AI] 背压触发，跳过分析: POST www.kimi.com/apiv2/kimi.gateway.order.v1.GoodsService/ListGoods (pending goroutine 已满)
WARNING 2026/04/28 14:19:26 handler.go:647: [AI] 背压触发，跳过分析: POST gator.volces.com/list (pending goroutine 已满)
WARNING 2026/04/28 14:19:26 handler.go:647: [AI] 背压触发，跳过分析: POST gator.volces.com/list (pending goroutine 已满)
WARNING 2026/04/28 14:19:26 handler.go:647: [AI] 背压触发，跳过分析: POST gator.volces.com/tobid (pending goroutine 已满)
WARNING 2026/04/28 14:19:27 handler.go:647: [AI] 背压触发，跳过分析: POST www.kimi.com/apiv2/kimi.gateway.config.v1.ConfigService/GetAvailableModels (pending goroutine 已满)
WARNING 2026/04/28 14:19:27 handler.go:647: [AI] 背压触发，跳过分析: POST www.kimi.com/apiv2/kimi.gateway.config.v1.ConfigService/GetConfig (pending goroutine 已满)
WARNING 2026/04/28 14:19:27 handler.go:647: [AI] 背压触发，跳过分析: POST www.kimi.com/apiv2/kimi.chat.v1.ChatService/ListChats (pending goroutine 已满)
WARNING 2026/04/28 14:19:27 handler.go:647: [AI] 背压触发，跳过分析: OPTIONS gator.volces.com/list (pending goroutine 已满)
WARNING 2026/04/28 14:19:27 handler.go:647: [AI] 背压触发，跳过分析: POST www.kimi.com/api/config (pending goroutine 已满)
WARNING 2026/04/28 14:19:27 handler.go:647: [AI] 背压触发，跳过分析: POST apmplus.volces.com/monitor_web/collect (pending goroutine 已满)
WARNING 2026/04/28 14:19:27 handler.go:647: [AI] 背压触发，跳过分析: OPTIONS apmplus.volces.com/monitor_web/collect (pending goroutine 已满)
WARNING 2026/04/28 14:19:27 handler.go:647: [AI] 背压触发，跳过分析: GET www.kimi.com/api/user (pending goroutine 已满)
WARNING 2026/04/28 14:19:27 handler.go:647: [AI] 背压触发，跳过分析: POST www.kimi.com/apiv2/kimi.gateway.promotionalasset.v1.PromotionalAssetService/ListPromotionalAssets (pending goroutine 已满)
WARNING 2026/04/28 14:19:42 handler.go:647: [AI] 背压触发，跳过分析: GET rss.xscan.cool/articles (pending goroutine 已满)
WARNING 2026/04/28 14:19:43 handler.go:647: [AI] 背压触发，跳过分析: GET rss.xscan.cool/assets/index-DwqQMjmB.js (pending goroutine 已满)
WARNING 2026/04/28 14:19:44 handler.go:647: [AI] 背压触发，跳过分析: GET rss.xscan.cool/api/v1/auth/setup/status (pending goroutine 已满)
WARNING 2026/04/28 14:19:44 handler.go:647: [AI] 背压触发，跳过分析: POST rss.xscan.cool/api/v1/rss/sources/simple (pending goroutine 已满)
WARNING 2026/04/28 14:19:46 handler.go:647: [AI] 背压触发，跳过分析: POST rss.xscan.cool/api/v1/articles (pending goroutine 已满)
